{"C:\\Users\\User\\Documents\\CEDT\\SW\\Project\\se-project-be-68-2-deemaknisit\\controllers\\review.js": {"path":"C:\\Users\\User\\Documents\\CEDT\\SW\\Project\\se-project-be-68-2-deemaknisit\\controllers\\review.js","statementMap":{"0":{"start":{"line":1,"column":17},"end":{"line":1,"column":36}},"1":{"start":{"line":2,"column":15},"end":{"line":2,"column":42}},"2":{"start":{"line":3,"column":16},"end":{"line":3,"column":44}},"3":{"start":{"line":8,"column":0},"end":{"line":59,"column":2}},"4":{"start":{"line":9,"column":4},"end":{"line":58,"column":5}},"5":{"start":{"line":10,"column":47},"end":{"line":10,"column":55}},"6":{"start":{"line":12,"column":8},"end":{"line":17,"column":9}},"7":{"start":{"line":13,"column":12},"end":{"line":16,"column":15}},"8":{"start":{"line":20,"column":24},"end":{"line":20,"column":57}},"9":{"start":{"line":22,"column":8},"end":{"line":27,"column":9}},"10":{"start":{"line":23,"column":12},"end":{"line":26,"column":15}},"11":{"start":{"line":30,"column":8},"end":{"line":35,"column":9}},"12":{"start":{"line":31,"column":12},"end":{"line":34,"column":15}},"13":{"start":{"line":38,"column":8},"end":{"line":38,"column":38}},"14":{"start":{"line":39,"column":8},"end":{"line":39,"column":47}},"15":{"start":{"line":42,"column":31},"end":{"line":42,"column":66}},"16":{"start":{"line":43,"column":8},"end":{"line":48,"column":9}},"17":{"start":{"line":44,"column":12},"end":{"line":47,"column":15}},"18":{"start":{"line":50,"column":23},"end":{"line":50,"column":52}},"19":{"start":{"line":52,"column":8},"end":{"line":55,"column":11}},"20":{"start":{"line":57,"column":8},"end":{"line":57,"column":18}},"21":{"start":{"line":66,"column":0},"end":{"line":141,"column":2}},"22":{"start":{"line":67,"column":4},"end":{"line":140,"column":5}},"23":{"start":{"line":69,"column":8},"end":{"line":82,"column":9}},"24":{"start":{"line":70,"column":12},"end":{"line":72,"column":13}},"25":{"start":{"line":71,"column":16},"end":{"line":71,"column":91}},"26":{"start":{"line":73,"column":29},"end":{"line":73,"column":88}},"27":{"start":{"line":74,"column":31},"end":{"line":74,"column":69}},"28":{"start":{"line":74,"column":57},"end":{"line":74,"column":68}},"29":{"start":{"line":75,"column":12},"end":{"line":75,"column":68}},"30":{"start":{"line":77,"column":12},"end":{"line":81,"column":13}},"31":{"start":{"line":78,"column":16},"end":{"line":78,"column":40}},"32":{"start":{"line":80,"column":16},"end":{"line":80,"column":61}},"33":{"start":{"line":85,"column":8},"end":{"line":88,"column":9}},"34":{"start":{"line":86,"column":27},"end":{"line":86,"column":64}},"35":{"start":{"line":87,"column":12},"end":{"line":87,"column":41}},"36":{"start":{"line":91,"column":8},"end":{"line":96,"column":9}},"37":{"start":{"line":92,"column":27},"end":{"line":92,"column":62}},"38":{"start":{"line":93,"column":12},"end":{"line":93,"column":39}},"39":{"start":{"line":95,"column":12},"end":{"line":95,"column":45}},"40":{"start":{"line":99,"column":21},"end":{"line":99,"column":54}},"41":{"start":{"line":100,"column":22},"end":{"line":100,"column":57}},"42":{"start":{"line":101,"column":27},"end":{"line":101,"column":45}},"43":{"start":{"line":102,"column":25},"end":{"line":102,"column":37}},"44":{"start":{"line":103,"column":22},"end":{"line":103,"column":68}},"45":{"start":{"line":105,"column":8},"end":{"line":105,"column":52}},"46":{"start":{"line":108,"column":8},"end":{"line":118,"column":11}},"47":{"start":{"line":120,"column":24},"end":{"line":120,"column":35}},"48":{"start":{"line":123,"column":27},"end":{"line":123,"column":29}},"49":{"start":{"line":124,"column":8},"end":{"line":126,"column":9}},"50":{"start":{"line":125,"column":12},"end":{"line":125,"column":56}},"51":{"start":{"line":127,"column":8},"end":{"line":129,"column":9}},"52":{"start":{"line":128,"column":12},"end":{"line":128,"column":56}},"53":{"start":{"line":131,"column":8},"end":{"line":137,"column":11}},"54":{"start":{"line":139,"column":8},"end":{"line":139,"column":18}},"55":{"start":{"line":146,"column":0},"end":{"line":180,"column":2}},"56":{"start":{"line":147,"column":4},"end":{"line":179,"column":5}},"57":{"start":{"line":148,"column":29},"end":{"line":148,"column":39}},"58":{"start":{"line":150,"column":8},"end":{"line":155,"column":9}},"59":{"start":{"line":151,"column":12},"end":{"line":154,"column":15}},"60":{"start":{"line":157,"column":23},"end":{"line":157,"column":54}},"61":{"start":{"line":159,"column":8},"end":{"line":164,"column":9}},"62":{"start":{"line":160,"column":12},"end":{"line":163,"column":15}},"63":{"start":{"line":166,"column":8},"end":{"line":171,"column":9}},"64":{"start":{"line":167,"column":12},"end":{"line":170,"column":15}},"65":{"start":{"line":173,"column":8},"end":{"line":176,"column":11}},"66":{"start":{"line":178,"column":8},"end":{"line":178,"column":18}},"67":{"start":{"line":185,"column":0},"end":{"line":258,"column":2}},"68":{"start":{"line":186,"column":4},"end":{"line":257,"column":5}},"69":{"start":{"line":187,"column":29},"end":{"line":187,"column":39}},"70":{"start":{"line":188,"column":30},"end":{"line":188,"column":51}},"71":{"start":{"line":189,"column":30},"end":{"line":189,"column":51}},"72":{"start":{"line":190,"column":30},"end":{"line":190,"column":93}},"73":{"start":{"line":190,"column":62},"end":{"line":190,"column":92}},"74":{"start":{"line":192,"column":8},"end":{"line":197,"column":9}},"75":{"start":{"line":193,"column":12},"end":{"line":196,"column":15}},"76":{"start":{"line":199,"column":8},"end":{"line":204,"column":9}},"77":{"start":{"line":200,"column":12},"end":{"line":203,"column":15}},"78":{"start":{"line":206,"column":8},"end":{"line":211,"column":9}},"79":{"start":{"line":207,"column":12},"end":{"line":210,"column":15}},"80":{"start":{"line":213,"column":8},"end":{"line":218,"column":9}},"81":{"start":{"line":214,"column":12},"end":{"line":217,"column":15}},"82":{"start":{"line":220,"column":23},"end":{"line":220,"column":54}},"83":{"start":{"line":222,"column":8},"end":{"line":227,"column":9}},"84":{"start":{"line":223,"column":12},"end":{"line":226,"column":15}},"85":{"start":{"line":229,"column":8},"end":{"line":234,"column":9}},"86":{"start":{"line":230,"column":12},"end":{"line":233,"column":15}},"87":{"start":{"line":236,"column":8},"end":{"line":240,"column":11}},"88":{"start":{"line":237,"column":12},"end":{"line":239,"column":13}},"89":{"start":{"line":238,"column":16},"end":{"line":238,"column":48}},"90":{"start":{"line":242,"column":8},"end":{"line":242,"column":28}},"91":{"start":{"line":244,"column":8},"end":{"line":247,"column":11}},"92":{"start":{"line":249,"column":8},"end":{"line":254,"column":9}},"93":{"start":{"line":250,"column":12},"end":{"line":253,"column":15}},"94":{"start":{"line":256,"column":8},"end":{"line":256,"column":18}},"95":{"start":{"line":263,"column":0},"end":{"line":299,"column":2}},"96":{"start":{"line":264,"column":4},"end":{"line":298,"column":5}},"97":{"start":{"line":265,"column":29},"end":{"line":265,"column":39}},"98":{"start":{"line":267,"column":8},"end":{"line":272,"column":9}},"99":{"start":{"line":268,"column":12},"end":{"line":271,"column":15}},"100":{"start":{"line":274,"column":23},"end":{"line":274,"column":54}},"101":{"start":{"line":276,"column":8},"end":{"line":281,"column":9}},"102":{"start":{"line":277,"column":12},"end":{"line":280,"column":15}},"103":{"start":{"line":283,"column":8},"end":{"line":288,"column":9}},"104":{"start":{"line":284,"column":12},"end":{"line":287,"column":15}},"105":{"start":{"line":290,"column":8},"end":{"line":290,"column":49}},"106":{"start":{"line":292,"column":8},"end":{"line":295,"column":11}},"107":{"start":{"line":297,"column":8},"end":{"line":297,"column":18}}},"fnMap":{"0":{"name":"(anonymous_0)","decl":{"start":{"line":8,"column":20},"end":{"line":8,"column":21}},"loc":{"start":{"line":8,"column":46},"end":{"line":59,"column":1}},"line":8},"1":{"name":"(anonymous_1)","decl":{"start":{"line":66,"column":21},"end":{"line":66,"column":22}},"loc":{"start":{"line":66,"column":47},"end":{"line":141,"column":1}},"line":66},"2":{"name":"(anonymous_2)","decl":{"start":{"line":74,"column":44},"end":{"line":74,"column":45}},"loc":{"start":{"line":74,"column":57},"end":{"line":74,"column":68}},"line":74},"3":{"name":"(anonymous_3)","decl":{"start":{"line":146,"column":24},"end":{"line":146,"column":25}},"loc":{"start":{"line":146,"column":50},"end":{"line":180,"column":1}},"line":146},"4":{"name":"(anonymous_4)","decl":{"start":{"line":185,"column":23},"end":{"line":185,"column":24}},"loc":{"start":{"line":185,"column":49},"end":{"line":258,"column":1}},"line":185},"5":{"name":"(anonymous_5)","decl":{"start":{"line":190,"column":51},"end":{"line":190,"column":52}},"loc":{"start":{"line":190,"column":62},"end":{"line":190,"column":92}},"line":190},"6":{"name":"(anonymous_6)","decl":{"start":{"line":236,"column":30},"end":{"line":236,"column":31}},"loc":{"start":{"line":236,"column":41},"end":{"line":240,"column":9}},"line":236},"7":{"name":"(anonymous_7)","decl":{"start":{"line":263,"column":23},"end":{"line":263,"column":24}},"loc":{"start":{"line":263,"column":49},"end":{"line":299,"column":1}},"line":263}},"branchMap":{"0":{"loc":{"start":{"line":12,"column":8},"end":{"line":17,"column":9}},"type":"if","locations":[{"start":{"line":12,"column":8},"end":{"line":17,"column":9}},{"start":{},"end":{}}],"line":12},"1":{"loc":{"start":{"line":12,"column":12},"end":{"line":12,"column":45}},"type":"binary-expr","locations":[{"start":{"line":12,"column":12},"end":{"line":12,"column":20}},{"start":{"line":12,"column":24},"end":{"line":12,"column":45}}],"line":12},"2":{"loc":{"start":{"line":22,"column":8},"end":{"line":27,"column":9}},"type":"if","locations":[{"start":{"line":22,"column":8},"end":{"line":27,"column":9}},{"start":{},"end":{}}],"line":22},"3":{"loc":{"start":{"line":30,"column":8},"end":{"line":35,"column":9}},"type":"if","locations":[{"start":{"line":30,"column":8},"end":{"line":35,"column":9}},{"start":{},"end":{}}],"line":30},"4":{"loc":{"start":{"line":30,"column":12},"end":{"line":30,"column":80}},"type":"binary-expr","locations":[{"start":{"line":30,"column":12},"end":{"line":30,"column":51}},{"start":{"line":30,"column":55},"end":{"line":30,"column":80}}],"line":30},"5":{"loc":{"start":{"line":43,"column":8},"end":{"line":48,"column":9}},"type":"if","locations":[{"start":{"line":43,"column":8},"end":{"line":48,"column":9}},{"start":{},"end":{}}],"line":43},"6":{"loc":{"start":{"line":69,"column":8},"end":{"line":82,"column":9}},"type":"if","locations":[{"start":{"line":69,"column":8},"end":{"line":82,"column":9}},{"start":{"line":76,"column":15},"end":{"line":82,"column":9}}],"line":69},"7":{"loc":{"start":{"line":70,"column":12},"end":{"line":72,"column":13}},"type":"if","locations":[{"start":{"line":70,"column":12},"end":{"line":72,"column":13}},{"start":{},"end":{}}],"line":70},"8":{"loc":{"start":{"line":77,"column":12},"end":{"line":81,"column":13}},"type":"if","locations":[{"start":{"line":77,"column":12},"end":{"line":81,"column":13}},{"start":{"line":79,"column":19},"end":{"line":81,"column":13}}],"line":77},"9":{"loc":{"start":{"line":77,"column":16},"end":{"line":77,"column":53}},"type":"binary-expr","locations":[{"start":{"line":77,"column":16},"end":{"line":77,"column":40}},{"start":{"line":77,"column":44},"end":{"line":77,"column":53}}],"line":77},"10":{"loc":{"start":{"line":85,"column":8},"end":{"line":88,"column":9}},"type":"if","locations":[{"start":{"line":85,"column":8},"end":{"line":88,"column":9}},{"start":{},"end":{}}],"line":85},"11":{"loc":{"start":{"line":91,"column":8},"end":{"line":96,"column":9}},"type":"if","locations":[{"start":{"line":91,"column":8},"end":{"line":96,"column":9}},{"start":{"line":94,"column":15},"end":{"line":96,"column":9}}],"line":91},"12":{"loc":{"start":{"line":99,"column":21},"end":{"line":99,"column":54}},"type":"binary-expr","locations":[{"start":{"line":99,"column":21},"end":{"line":99,"column":49}},{"start":{"line":99,"column":53},"end":{"line":99,"column":54}}],"line":99},"13":{"loc":{"start":{"line":100,"column":22},"end":{"line":100,"column":57}},"type":"binary-expr","locations":[{"start":{"line":100,"column":22},"end":{"line":100,"column":51}},{"start":{"line":100,"column":55},"end":{"line":100,"column":57}}],"line":100},"14":{"loc":{"start":{"line":124,"column":8},"end":{"line":126,"column":9}},"type":"if","locations":[{"start":{"line":124,"column":8},"end":{"line":126,"column":9}},{"start":{},"end":{}}],"line":124},"15":{"loc":{"start":{"line":127,"column":8},"end":{"line":129,"column":9}},"type":"if","locations":[{"start":{"line":127,"column":8},"end":{"line":129,"column":9}},{"start":{},"end":{}}],"line":127},"16":{"loc":{"start":{"line":150,"column":8},"end":{"line":155,"column":9}},"type":"if","locations":[{"start":{"line":150,"column":8},"end":{"line":155,"column":9}},{"start":{},"end":{}}],"line":150},"17":{"loc":{"start":{"line":159,"column":8},"end":{"line":164,"column":9}},"type":"if","locations":[{"start":{"line":159,"column":8},"end":{"line":164,"column":9}},{"start":{},"end":{}}],"line":159},"18":{"loc":{"start":{"line":166,"column":8},"end":{"line":171,"column":9}},"type":"if","locations":[{"start":{"line":166,"column":8},"end":{"line":171,"column":9}},{"start":{},"end":{}}],"line":166},"19":{"loc":{"start":{"line":166,"column":12},"end":{"line":166,"column":81}},"type":"binary-expr","locations":[{"start":{"line":166,"column":12},"end":{"line":166,"column":52}},{"start":{"line":166,"column":56},"end":{"line":166,"column":81}}],"line":166},"20":{"loc":{"start":{"line":192,"column":8},"end":{"line":197,"column":9}},"type":"if","locations":[{"start":{"line":192,"column":8},"end":{"line":197,"column":9}},{"start":{},"end":{}}],"line":192},"21":{"loc":{"start":{"line":199,"column":8},"end":{"line":204,"column":9}},"type":"if","locations":[{"start":{"line":199,"column":8},"end":{"line":204,"column":9}},{"start":{},"end":{}}],"line":199},"22":{"loc":{"start":{"line":206,"column":8},"end":{"line":211,"column":9}},"type":"if","locations":[{"start":{"line":206,"column":8},"end":{"line":211,"column":9}},{"start":{},"end":{}}],"line":206},"23":{"loc":{"start":{"line":213,"column":8},"end":{"line":218,"column":9}},"type":"if","locations":[{"start":{"line":213,"column":8},"end":{"line":218,"column":9}},{"start":{},"end":{}}],"line":213},"24":{"loc":{"start":{"line":213,"column":12},"end":{"line":213,"column":107}},"type":"binary-expr","locations":[{"start":{"line":213,"column":12},"end":{"line":213,"column":42}},{"start":{"line":213,"column":47},"end":{"line":213,"column":72}},{"start":{"line":213,"column":76},"end":{"line":213,"column":106}}],"line":213},"25":{"loc":{"start":{"line":222,"column":8},"end":{"line":227,"column":9}},"type":"if","locations":[{"start":{"line":222,"column":8},"end":{"line":227,"column":9}},{"start":{},"end":{}}],"line":222},"26":{"loc":{"start":{"line":229,"column":8},"end":{"line":234,"column":9}},"type":"if","locations":[{"start":{"line":229,"column":8},"end":{"line":234,"column":9}},{"start":{},"end":{}}],"line":229},"27":{"loc":{"start":{"line":237,"column":12},"end":{"line":239,"column":13}},"type":"if","locations":[{"start":{"line":237,"column":12},"end":{"line":239,"column":13}},{"start":{},"end":{}}],"line":237},"28":{"loc":{"start":{"line":249,"column":8},"end":{"line":254,"column":9}},"type":"if","locations":[{"start":{"line":249,"column":8},"end":{"line":254,"column":9}},{"start":{},"end":{}}],"line":249},"29":{"loc":{"start":{"line":249,"column":12},"end":{"line":249,"column":70}},"type":"binary-expr","locations":[{"start":{"line":249,"column":12},"end":{"line":249,"column":42}},{"start":{"line":249,"column":46},"end":{"line":249,"column":70}}],"line":249},"30":{"loc":{"start":{"line":267,"column":8},"end":{"line":272,"column":9}},"type":"if","locations":[{"start":{"line":267,"column":8},"end":{"line":272,"column":9}},{"start":{},"end":{}}],"line":267},"31":{"loc":{"start":{"line":276,"column":8},"end":{"line":281,"column":9}},"type":"if","locations":[{"start":{"line":276,"column":8},"end":{"line":281,"column":9}},{"start":{},"end":{}}],"line":276},"32":{"loc":{"start":{"line":283,"column":8},"end":{"line":288,"column":9}},"type":"if","locations":[{"start":{"line":283,"column":8},"end":{"line":288,"column":9}},{"start":{},"end":{}}],"line":283},"33":{"loc":{"start":{"line":283,"column":12},"end":{"line":283,"column":81}},"type":"binary-expr","locations":[{"start":{"line":283,"column":12},"end":{"line":283,"column":52}},{"start":{"line":283,"column":56},"end":{"line":283,"column":81}}],"line":283}},"s":{"0":1,"1":1,"2":1,"3":1,"4":6,"5":6,"6":6,"7":1,"8":5,"9":5,"10":1,"11":4,"12":1,"13":3,"14":3,"15":3,"16":3,"17":1,"18":2,"19":1,"20":1,"21":1,"22":9,"23":9,"24":2,"25":1,"26":1,"27":1,"28":1,"29":1,"30":7,"31":4,"32":3,"33":8,"34":1,"35":1,"36":8,"37":1,"38":1,"39":7,"40":8,"41":8,"42":8,"43":8,"44":8,"45":7,"46":7,"47":7,"48":7,"49":7,"50":2,"51":7,"52":1,"53":7,"54":1,"55":1,"56":5,"57":5,"58":5,"59":1,"60":4,"61":3,"62":1,"63":2,"64":1,"65":1,"66":1,"67":1,"68":11,"69":11,"70":11,"71":11,"72":11,"73":10,"74":11,"75":1,"76":10,"77":1,"78":9,"79":1,"80":8,"81":1,"82":7,"83":4,"84":1,"85":3,"86":1,"87":2,"88":4,"89":3,"90":2,"91":2,"92":3,"93":2,"94":1,"95":1,"96":5,"97":5,"98":5,"99":1,"100":4,"101":3,"102":1,"103":2,"104":1,"105":1,"106":1,"107":1},"f":{"0":6,"1":9,"2":1,"3":5,"4":11,"5":10,"6":4,"7":5},"b":{"0":[1,5],"1":[6,6],"2":[1,4],"3":[1,3],"4":[4,1],"5":[1,2],"6":[2,7],"7":[1,1],"8":[4,3],"9":[7,4],"10":[1,7],"11":[1,7],"12":[8,6],"13":[8,6],"14":[2,5],"15":[1,6],"16":[1,4],"17":[1,2],"18":[1,1],"19":[2,2],"20":[1,10],"21":[1,9],"22":[1,8],"23":[1,7],"24":[8,4,4],"25":[1,3],"26":[1,2],"27":[3,1],"28":[2,1],"29":[3,2],"30":[1,4],"31":[1,2],"32":[1,1],"33":[2,2]},"_coverageSchema":"1a1c01bbd47fc00a2c39e90264f33305004495a9","hash":"ca3c2bc6a65a015fc1cfc306f5b675f8227782bc"}
,"C:\\Users\\User\\Documents\\CEDT\\SW\\Project\\se-project-be-68-2-deemaknisit\\controllers\\wishlist.js": {"path":"C:\\Users\\User\\Documents\\CEDT\\SW\\Project\\se-project-be-68-2-deemaknisit\\controllers\\wishlist.js","statementMap":{"0":{"start":{"line":1,"column":17},"end":{"line":1,"column":36}},"1":{"start":{"line":2,"column":17},"end":{"line":2,"column":46}},"2":{"start":{"line":3,"column":12},"end":{"line":3,"column":36}},"3":{"start":{"line":8,"column":0},"end":{"line":59,"column":2}},"4":{"start":{"line":9,"column":4},"end":{"line":58,"column":5}},"5":{"start":{"line":10,"column":26},"end":{"line":10,"column":34}},"6":{"start":{"line":12,"column":8},"end":{"line":17,"column":9}},"7":{"start":{"line":13,"column":12},"end":{"line":16,"column":15}},"8":{"start":{"line":19,"column":20},"end":{"line":19,"column":45}},"9":{"start":{"line":21,"column":8},"end":{"line":26,"column":9}},"10":{"start":{"line":22,"column":12},"end":{"line":25,"column":15}},"11":{"start":{"line":28,"column":37},"end":{"line":31,"column":10}},"12":{"start":{"line":33,"column":8},"end":{"line":38,"column":9}},"13":{"start":{"line":34,"column":12},"end":{"line":37,"column":15}},"14":{"start":{"line":40,"column":29},"end":{"line":43,"column":10}},"15":{"start":{"line":45,"column":8},"end":{"line":48,"column":11}},"16":{"start":{"line":50,"column":8},"end":{"line":55,"column":9}},"17":{"start":{"line":51,"column":12},"end":{"line":54,"column":15}},"18":{"start":{"line":57,"column":8},"end":{"line":57,"column":18}},"19":{"start":{"line":64,"column":0},"end":{"line":152,"column":2}},"20":{"start":{"line":65,"column":4},"end":{"line":151,"column":5}},"21":{"start":{"line":69,"column":25},"end":{"line":69,"column":41}},"22":{"start":{"line":72,"column":29},"end":{"line":72,"column":64}},"23":{"start":{"line":73,"column":8},"end":{"line":73,"column":62}},"24":{"start":{"line":73,"column":38},"end":{"line":73,"column":60}},"25":{"start":{"line":76,"column":23},"end":{"line":76,"column":47}},"26":{"start":{"line":77,"column":8},"end":{"line":77,"column":85}},"27":{"start":{"line":77,"column":72},"end":{"line":77,"column":83}},"28":{"start":{"line":79,"column":22},"end":{"line":79,"column":42}},"29":{"start":{"line":82,"column":8},"end":{"line":84,"column":9}},"30":{"start":{"line":83,"column":12},"end":{"line":83,"column":41}},"31":{"start":{"line":87,"column":8},"end":{"line":93,"column":11}},"32":{"start":{"line":96,"column":8},"end":{"line":99,"column":9}},"33":{"start":{"line":97,"column":27},"end":{"line":97,"column":64}},"34":{"start":{"line":98,"column":12},"end":{"line":98,"column":41}},"35":{"start":{"line":102,"column":8},"end":{"line":107,"column":9}},"36":{"start":{"line":103,"column":27},"end":{"line":103,"column":62}},"37":{"start":{"line":104,"column":12},"end":{"line":104,"column":39}},"38":{"start":{"line":106,"column":12},"end":{"line":106,"column":45}},"39":{"start":{"line":110,"column":21},"end":{"line":110,"column":54}},"40":{"start":{"line":111,"column":22},"end":{"line":111,"column":57}},"41":{"start":{"line":112,"column":27},"end":{"line":112,"column":45}},"42":{"start":{"line":113,"column":25},"end":{"line":113,"column":37}},"43":{"start":{"line":114,"column":22},"end":{"line":114,"column":60}},"44":{"start":{"line":116,"column":8},"end":{"line":116,"column":52}},"45":{"start":{"line":118,"column":30},"end":{"line":118,"column":41}},"46":{"start":{"line":121,"column":31},"end":{"line":131,"column":14}},"47":{"start":{"line":122,"column":28},"end":{"line":122,"column":38}},"48":{"start":{"line":124,"column":28},"end":{"line":124,"column":49}},"49":{"start":{"line":125,"column":16},"end":{"line":125,"column":46}},"50":{"start":{"line":127,"column":16},"end":{"line":129,"column":17}},"51":{"start":{"line":128,"column":20},"end":{"line":128,"column":51}},"52":{"start":{"line":130,"column":16},"end":{"line":130,"column":27}},"53":{"start":{"line":134,"column":27},"end":{"line":134,"column":29}},"54":{"start":{"line":135,"column":8},"end":{"line":137,"column":9}},"55":{"start":{"line":136,"column":12},"end":{"line":136,"column":56}},"56":{"start":{"line":138,"column":8},"end":{"line":140,"column":9}},"57":{"start":{"line":139,"column":12},"end":{"line":139,"column":56}},"58":{"start":{"line":142,"column":8},"end":{"line":148,"column":11}},"59":{"start":{"line":150,"column":8},"end":{"line":150,"column":18}},"60":{"start":{"line":157,"column":0},"end":{"line":185,"column":2}},"61":{"start":{"line":158,"column":4},"end":{"line":184,"column":5}},"62":{"start":{"line":159,"column":29},"end":{"line":159,"column":67}},"63":{"start":{"line":161,"column":8},"end":{"line":166,"column":9}},"64":{"start":{"line":162,"column":12},"end":{"line":165,"column":15}},"65":{"start":{"line":169,"column":8},"end":{"line":174,"column":9}},"66":{"start":{"line":170,"column":12},"end":{"line":173,"column":15}},"67":{"start":{"line":176,"column":8},"end":{"line":176,"column":39}},"68":{"start":{"line":178,"column":8},"end":{"line":181,"column":11}},"69":{"start":{"line":183,"column":8},"end":{"line":183,"column":18}}},"fnMap":{"0":{"name":"(anonymous_0)","decl":{"start":{"line":8,"column":22},"end":{"line":8,"column":23}},"loc":{"start":{"line":8,"column":48},"end":{"line":59,"column":1}},"line":8},"1":{"name":"(anonymous_1)","decl":{"start":{"line":64,"column":23},"end":{"line":64,"column":24}},"loc":{"start":{"line":64,"column":49},"end":{"line":152,"column":1}},"line":64},"2":{"name":"(anonymous_2)","decl":{"start":{"line":73,"column":29},"end":{"line":73,"column":30}},"loc":{"start":{"line":73,"column":38},"end":{"line":73,"column":60}},"line":73},"3":{"name":"(anonymous_3)","decl":{"start":{"line":77,"column":63},"end":{"line":77,"column":64}},"loc":{"start":{"line":77,"column":72},"end":{"line":77,"column":83}},"line":77},"4":{"name":"(anonymous_4)","decl":{"start":{"line":122,"column":20},"end":{"line":122,"column":21}},"loc":{"start":{"line":122,"column":28},"end":{"line":122,"column":38}},"line":122},"5":{"name":"(anonymous_5)","decl":{"start":{"line":123,"column":17},"end":{"line":123,"column":18}},"loc":{"start":{"line":123,"column":25},"end":{"line":131,"column":13}},"line":123},"6":{"name":"(anonymous_6)","decl":{"start":{"line":157,"column":25},"end":{"line":157,"column":26}},"loc":{"start":{"line":157,"column":51},"end":{"line":185,"column":1}},"line":157}},"branchMap":{"0":{"loc":{"start":{"line":12,"column":8},"end":{"line":17,"column":9}},"type":"if","locations":[{"start":{"line":12,"column":8},"end":{"line":17,"column":9}},{"start":{},"end":{}}],"line":12},"1":{"loc":{"start":{"line":12,"column":12},"end":{"line":12,"column":61}},"type":"binary-expr","locations":[{"start":{"line":12,"column":12},"end":{"line":12,"column":18}},{"start":{"line":12,"column":22},"end":{"line":12,"column":61}}],"line":12},"2":{"loc":{"start":{"line":21,"column":8},"end":{"line":26,"column":9}},"type":"if","locations":[{"start":{"line":21,"column":8},"end":{"line":26,"column":9}},{"start":{},"end":{}}],"line":21},"3":{"loc":{"start":{"line":33,"column":8},"end":{"line":38,"column":9}},"type":"if","locations":[{"start":{"line":33,"column":8},"end":{"line":38,"column":9}},{"start":{},"end":{}}],"line":33},"4":{"loc":{"start":{"line":50,"column":8},"end":{"line":55,"column":9}},"type":"if","locations":[{"start":{"line":50,"column":8},"end":{"line":55,"column":9}},{"start":{},"end":{}}],"line":50},"5":{"loc":{"start":{"line":82,"column":8},"end":{"line":84,"column":9}},"type":"if","locations":[{"start":{"line":82,"column":8},"end":{"line":84,"column":9}},{"start":{},"end":{}}],"line":82},"6":{"loc":{"start":{"line":96,"column":8},"end":{"line":99,"column":9}},"type":"if","locations":[{"start":{"line":96,"column":8},"end":{"line":99,"column":9}},{"start":{},"end":{}}],"line":96},"7":{"loc":{"start":{"line":102,"column":8},"end":{"line":107,"column":9}},"type":"if","locations":[{"start":{"line":102,"column":8},"end":{"line":107,"column":9}},{"start":{"line":105,"column":15},"end":{"line":107,"column":9}}],"line":102},"8":{"loc":{"start":{"line":110,"column":21},"end":{"line":110,"column":54}},"type":"binary-expr","locations":[{"start":{"line":110,"column":21},"end":{"line":110,"column":49}},{"start":{"line":110,"column":53},"end":{"line":110,"column":54}}],"line":110},"9":{"loc":{"start":{"line":111,"column":22},"end":{"line":111,"column":57}},"type":"binary-expr","locations":[{"start":{"line":111,"column":22},"end":{"line":111,"column":51}},{"start":{"line":111,"column":55},"end":{"line":111,"column":57}}],"line":111},"10":{"loc":{"start":{"line":127,"column":16},"end":{"line":129,"column":17}},"type":"if","locations":[{"start":{"line":127,"column":16},"end":{"line":129,"column":17}},{"start":{},"end":{}}],"line":127},"11":{"loc":{"start":{"line":135,"column":8},"end":{"line":137,"column":9}},"type":"if","locations":[{"start":{"line":135,"column":8},"end":{"line":137,"column":9}},{"start":{},"end":{}}],"line":135},"12":{"loc":{"start":{"line":138,"column":8},"end":{"line":140,"column":9}},"type":"if","locations":[{"start":{"line":138,"column":8},"end":{"line":140,"column":9}},{"start":{},"end":{}}],"line":138},"13":{"loc":{"start":{"line":161,"column":8},"end":{"line":166,"column":9}},"type":"if","locations":[{"start":{"line":161,"column":8},"end":{"line":166,"column":9}},{"start":{},"end":{}}],"line":161},"14":{"loc":{"start":{"line":169,"column":8},"end":{"line":174,"column":9}},"type":"if","locations":[{"start":{"line":169,"column":8},"end":{"line":174,"column":9}},{"start":{},"end":{}}],"line":169},"15":{"loc":{"start":{"line":169,"column":12},"end":{"line":169,"column":87}},"type":"binary-expr","locations":[{"start":{"line":169,"column":12},"end":{"line":169,"column":58}},{"start":{"line":169,"column":62},"end":{"line":169,"column":87}}],"line":169}},"s":{"0":1,"1":1,"2":1,"3":1,"4":7,"5":7,"6":7,"7":2,"8":5,"9":5,"10":1,"11":4,"12":4,"13":1,"14":3,"15":1,"16":2,"17":1,"18":1,"19":1,"20":7,"21":7,"22":7,"23":7,"24":28,"25":7,"26":7,"27":2,"28":7,"29":7,"30":6,"31":7,"32":6,"33":1,"34":1,"35":6,"36":1,"37":1,"38":5,"39":6,"40":6,"41":6,"42":6,"43":6,"44":6,"45":6,"46":6,"47":5,"48":5,"49":5,"50":5,"51":1,"52":5,"53":6,"54":6,"55":3,"56":6,"57":1,"58":6,"59":1,"60":1,"61":5,"62":5,"63":4,"64":1,"65":3,"66":1,"67":2,"68":2,"69":1},"f":{"0":7,"1":7,"2":28,"3":2,"4":5,"5":5,"6":5},"b":{"0":[2,5],"1":[7,7],"2":[1,4],"3":[1,3],"4":[1,1],"5":[6,1],"6":[1,5],"7":[1,5],"8":[6,4],"9":[6,3],"10":[1,4],"11":[3,3],"12":[1,5],"13":[1,3],"14":[1,2],"15":[3,2]},"_coverageSchema":"1a1c01bbd47fc00a2c39e90264f33305004495a9","hash":"b8399014861e486115d7c5758bd7c7e681bf1ec5"}
,"C:\\Users\\User\\Documents\\CEDT\\SW\\Project\\se-project-be-68-2-deemaknisit\\models\\Booking.js": {"path":"C:\\Users\\User\\Documents\\CEDT\\SW\\Project\\se-project-be-68-2-deemaknisit\\models\\Booking.js","statementMap":{"0":{"start":{"line":1,"column":17},"end":{"line":1,"column":36}},"1":{"start":{"line":3,"column":22},"end":{"line":44,"column":2}},"2":{"start":{"line":46,"column":0},"end":{"line":51,"column":3}},"3":{"start":{"line":53,"column":0},"end":{"line":53,"column":58}}},"fnMap":{},"branchMap":{},"s":{"0":1,"1":1,"2":1,"3":1},"f":{},"b":{},"_coverageSchema":"1a1c01bbd47fc00a2c39e90264f33305004495a9","hash":"fb35fd5ea3431cb90fb81aceb2dba9b9954cc3d7"}
,"C:\\Users\\User\\Documents\\CEDT\\SW\\Project\\se-project-be-68-2-deemaknisit\\models\\Car.js": {"path":"C:\\Users\\User\\Documents\\CEDT\\SW\\Project\\se-project-be-68-2-deemaknisit\\models\\Car.js","statementMap":{"0":{"start":{"line":1,"column":17},"end":{"line":1,"column":36}},"1":{"start":{"line":3,"column":18},"end":{"line":65,"column":2}},"2":{"start":{"line":67,"column":0},"end":{"line":72,"column":3}},"3":{"start":{"line":74,"column":0},"end":{"line":74,"column":50}}},"fnMap":{},"branchMap":{},"s":{"0":2,"1":2,"2":2,"3":2},"f":{},"b":{},"_coverageSchema":"1a1c01bbd47fc00a2c39e90264f33305004495a9","hash":"3c67c3228f3ca6b64abb84a7ee403475c23e91fa"}
,"C:\\Users\\User\\Documents\\CEDT\\SW\\Project\\se-project-be-68-2-deemaknisit\\models\\Provider.js": {"path":"C:\\Users\\User\\Documents\\CEDT\\SW\\Project\\se-project-be-68-2-deemaknisit\\models\\Provider.js","statementMap":{"0":{"start":{"line":1,"column":17},"end":{"line":1,"column":36}},"1":{"start":{"line":3,"column":23},"end":{"line":43,"column":2}},"2":{"start":{"line":45,"column":0},"end":{"line":50,"column":3}},"3":{"start":{"line":52,"column":0},"end":{"line":52,"column":60}}},"fnMap":{},"branchMap":{},"s":{"0":2,"1":2,"2":2,"3":2},"f":{},"b":{},"_coverageSchema":"1a1c01bbd47fc00a2c39e90264f33305004495a9","hash":"2367d95927ae5fd6df838c9bb63fe94184adca1d"}
,"C:\\Users\\User\\Documents\\CEDT\\SW\\Project\\se-project-be-68-2-deemaknisit\\models\\Review.js": {"path":"C:\\Users\\User\\Documents\\CEDT\\SW\\Project\\se-project-be-68-2-deemaknisit\\models\\Review.js","statementMap":{"0":{"start":{"line":1,"column":17},"end":{"line":1,"column":36}},"1":{"start":{"line":3,"column":21},"end":{"line":35,"column":1}},"2":{"start":{"line":37,"column":0},"end":{"line":37,"column":56}}},"fnMap":{},"branchMap":{},"s":{"0":1,"1":1,"2":1},"f":{},"b":{},"_coverageSchema":"1a1c01bbd47fc00a2c39e90264f33305004495a9","hash":"c949d9146158a3fce72268370c0dcd7137541316"}
,"C:\\Users\\User\\Documents\\CEDT\\SW\\Project\\se-project-be-68-2-deemaknisit\\models\\User.js": {"path":"C:\\Users\\User\\Documents\\CEDT\\SW\\Project\\se-project-be-68-2-deemaknisit\\models\\User.js","statementMap":{"0":{"start":{"line":1,"column":17},"end":{"line":1,"column":36}},"1":{"start":{"line":2,"column":15},"end":{"line":2,"column":34}},"2":{"start":{"line":3,"column":12},"end":{"line":3,"column":35}},"3":{"start":{"line":5,"column":19},"end":{"line":38,"column":2}},"4":{"start":{"line":41,"column":0},"end":{"line":47,"column":3}},"5":{"start":{"line":42,"column":2},"end":{"line":44,"column":3}},"6":{"start":{"line":43,"column":4},"end":{"line":43,"column":11}},"7":{"start":{"line":45,"column":15},"end":{"line":45,"column":39}},"8":{"start":{"line":46,"column":2},"end":{"line":46,"column":57}},"9":{"start":{"line":50,"column":0},"end":{"line":54,"column":2}},"10":{"start":{"line":51,"column":2},"end":{"line":53,"column":5}},"11":{"start":{"line":57,"column":0},"end":{"line":59,"column":1}},"12":{"start":{"line":58,"column":4},"end":{"line":58,"column":64}},"13":{"start":{"line":61,"column":0},"end":{"line":61,"column":52}}},"fnMap":{"0":{"name":"(anonymous_0)","decl":{"start":{"line":41,"column":23},"end":{"line":41,"column":24}},"loc":{"start":{"line":41,"column":44},"end":{"line":47,"column":1}},"line":41},"1":{"name":"(anonymous_1)","decl":{"start":{"line":50,"column":39},"end":{"line":50,"column":40}},"loc":{"start":{"line":50,"column":51},"end":{"line":54,"column":1}},"line":50},"2":{"name":"(anonymous_2)","decl":{"start":{"line":57,"column":35},"end":{"line":57,"column":36}},"loc":{"start":{"line":57,"column":67},"end":{"line":59,"column":1}},"line":57}},"branchMap":{"0":{"loc":{"start":{"line":42,"column":2},"end":{"line":44,"column":3}},"type":"if","locations":[{"start":{"line":42,"column":2},"end":{"line":44,"column":3}},{"start":{},"end":{}}],"line":42}},"s":{"0":3,"1":3,"2":3,"3":3,"4":3,"5":71,"6":1,"7":70,"8":70,"9":3,"10":1,"11":3,"12":3,"13":3},"f":{"0":71,"1":1,"2":3},"b":{"0":[1,70]},"_coverageSchema":"1a1c01bbd47fc00a2c39e90264f33305004495a9","hash":"796e9f0c8792f6720efa65ce98fd1cae8f527576"}
,"C:\\Users\\User\\Documents\\CEDT\\SW\\Project\\se-project-be-68-2-deemaknisit\\models\\Wishlist.js": {"path":"C:\\Users\\User\\Documents\\CEDT\\SW\\Project\\se-project-be-68-2-deemaknisit\\models\\Wishlist.js","statementMap":{"0":{"start":{"line":1,"column":17},"end":{"line":1,"column":36}},"1":{"start":{"line":3,"column":23},"end":{"line":19,"column":1}},"2":{"start":{"line":21,"column":0},"end":{"line":21,"column":64}},"3":{"start":{"line":23,"column":0},"end":{"line":23,"column":60}}},"fnMap":{},"branchMap":{},"s":{"0":1,"1":1,"2":1,"3":1},"f":{},"b":{},"_coverageSchema":"1a1c01bbd47fc00a2c39e90264f33305004495a9","hash":"cc7451a6933ed437729441d25b2e6b51e8dc5f3e"}
,"C:\\Users\\User\\Documents\\CEDT\\SW\\Project\\se-project-be-68-2-deemaknisit\\tests\\setup.js": {"path":"C:\\Users\\User\\Documents\\CEDT\\SW\\Project\\se-project-be-68-2-deemaknisit\\tests\\setup.js","statementMap":{"0":{"start":{"line":1,"column":17},"end":{"line":1,"column":36}},"1":{"start":{"line":2,"column":30},"end":{"line":2,"column":62}},"2":{"start":{"line":3,"column":15},"end":{"line":3,"column":32}},"3":{"start":{"line":5,"column":0},"end":{"line":5,"column":47}},"4":{"start":{"line":7,"column":0},"end":{"line":7,"column":63}},"5":{"start":{"line":8,"column":0},"end":{"line":8,"column":57}},"6":{"start":{"line":9,"column":0},"end":{"line":9,"column":70}},"7":{"start":{"line":10,"column":0},"end":{"line":10,"column":30}},"8":{"start":{"line":14,"column":0},"end":{"line":14,"column":23}},"9":{"start":{"line":16,"column":0},"end":{"line":20,"column":3}},"10":{"start":{"line":17,"column":4},"end":{"line":17,"column":51}},"11":{"start":{"line":18,"column":21},"end":{"line":18,"column":41}},"12":{"start":{"line":19,"column":4},"end":{"line":19,"column":37}},"13":{"start":{"line":22,"column":0},"end":{"line":25,"column":3}},"14":{"start":{"line":23,"column":4},"end":{"line":23,"column":32}},"15":{"start":{"line":24,"column":4},"end":{"line":24,"column":29}},"16":{"start":{"line":27,"column":0},"end":{"line":32,"column":3}},"17":{"start":{"line":28,"column":24},"end":{"line":28,"column":55}},"18":{"start":{"line":29,"column":4},"end":{"line":31,"column":5}},"19":{"start":{"line":30,"column":8},"end":{"line":30,"column":44}}},"fnMap":{"0":{"name":"(anonymous_0)","decl":{"start":{"line":16,"column":10},"end":{"line":16,"column":11}},"loc":{"start":{"line":16,"column":22},"end":{"line":20,"column":1}},"line":16},"1":{"name":"(anonymous_1)","decl":{"start":{"line":22,"column":9},"end":{"line":22,"column":10}},"loc":{"start":{"line":22,"column":21},"end":{"line":25,"column":1}},"line":22},"2":{"name":"(anonymous_2)","decl":{"start":{"line":27,"column":10},"end":{"line":27,"column":11}},"loc":{"start":{"line":27,"column":22},"end":{"line":32,"column":1}},"line":27}},"branchMap":{"0":{"loc":{"start":{"line":7,"column":25},"end":{"line":7,"column":62}},"type":"binary-expr","locations":[{"start":{"line":7,"column":25},"end":{"line":7,"column":47}},{"start":{"line":7,"column":51},"end":{"line":7,"column":62}}],"line":7},"1":{"loc":{"start":{"line":8,"column":25},"end":{"line":8,"column":56}},"type":"binary-expr","locations":[{"start":{"line":8,"column":25},"end":{"line":8,"column":47}},{"start":{"line":8,"column":51},"end":{"line":8,"column":56}}],"line":8},"2":{"loc":{"start":{"line":9,"column":32},"end":{"line":9,"column":69}},"type":"binary-expr","locations":[{"start":{"line":9,"column":32},"end":{"line":9,"column":61}},{"start":{"line":9,"column":65},"end":{"line":9,"column":69}}],"line":9}},"s":{"0":3,"1":3,"2":3,"3":3,"4":3,"5":3,"6":3,"7":3,"8":3,"9":3,"10":3,"11":3,"12":3,"13":3,"14":3,"15":3,"16":3,"17":34,"18":34,"19":147},"f":{"0":3,"1":3,"2":34},"b":{"0":[3,0],"1":[3,0],"2":[3,0]},"_coverageSchema":"1a1c01bbd47fc00a2c39e90264f33305004495a9","hash":"3d27a528466de9145b890b3229b7a7e8930751ce"}
}
