TN:
SF:controllers\review.js
FN:8,(anonymous_0)
FN:66,(anonymous_1)
FN:74,(anonymous_2)
FN:146,(anonymous_3)
FN:185,(anonymous_4)
FN:190,(anonymous_5)
FN:236,(anonymous_6)
FN:263,(anonymous_7)
FNF:8
FNH:8
FNDA:6,(anonymous_0)
FNDA:9,(anonymous_1)
FNDA:1,(anonymous_2)
FNDA:5,(anonymous_3)
FNDA:11,(anonymous_4)
FNDA:10,(anonymous_5)
FNDA:4,(anonymous_6)
FNDA:5,(anonymous_7)
DA:1,1
DA:2,1
DA:3,1
DA:8,1
DA:9,6
DA:10,6
DA:12,6
DA:13,1
DA:20,5
DA:22,5
DA:23,1
DA:30,4
DA:31,1
DA:38,3
DA:39,3
DA:42,3
DA:43,3
DA:44,1
DA:50,2
DA:52,1
DA:57,1
DA:66,1
DA:67,9
DA:69,9
DA:70,2
DA:71,1
DA:73,1
DA:74,1
DA:75,1
DA:77,7
DA:78,4
DA:80,3
DA:85,8
DA:86,1
DA:87,1
DA:91,8
DA:92,1
DA:93,1
DA:95,7
DA:99,8
DA:100,8
DA:101,8
DA:102,8
DA:103,8
DA:105,7
DA:108,7
DA:120,7
DA:123,7
DA:124,7
DA:125,2
DA:127,7
DA:128,1
DA:131,7
DA:139,1
DA:146,1
DA:147,5
DA:148,5
DA:150,5
DA:151,1
DA:157,4
DA:159,3
DA:160,1
DA:166,2
DA:167,1
DA:173,1
DA:178,1
DA:185,1
DA:186,11
DA:187,11
DA:188,11
DA:189,11
DA:190,11
DA:192,11
DA:193,1
DA:199,10
DA:200,1
DA:206,9
DA:207,1
DA:213,8
DA:214,1
DA:220,7
DA:222,4
DA:223,1
DA:229,3
DA:230,1
DA:236,2
DA:237,4
DA:238,3
DA:242,2
DA:244,2
DA:249,3
DA:250,2
DA:256,1
DA:263,1
DA:264,5
DA:265,5
DA:267,5
DA:268,1
DA:274,4
DA:276,3
DA:277,1
DA:283,2
DA:284,1
DA:290,1
DA:292,1
DA:297,1
LF:106
LH:106
BRDA:12,0,0,1
BRDA:12,0,1,5
BRDA:12,1,0,6
BRDA:12,1,1,6
BRDA:22,2,0,1
BRDA:22,2,1,4
BRDA:30,3,0,1
BRDA:30,3,1,3
BRDA:30,4,0,4
BRDA:30,4,1,1
BRDA:43,5,0,1
BRDA:43,5,1,2
BRDA:69,6,0,2
BRDA:69,6,1,7
BRDA:70,7,0,1
BRDA:70,7,1,1
BRDA:77,8,0,4
BRDA:77,8,1,3
BRDA:77,9,0,7
BRDA:77,9,1,4
BRDA:85,10,0,1
BRDA:85,10,1,7
BRDA:91,11,0,1
BRDA:91,11,1,7
BRDA:99,12,0,8
BRDA:99,12,1,6
BRDA:100,13,0,8
BRDA:100,13,1,6
BRDA:124,14,0,2
BRDA:124,14,1,5
BRDA:127,15,0,1
BRDA:127,15,1,6
BRDA:150,16,0,1
BRDA:150,16,1,4
BRDA:159,17,0,1
BRDA:159,17,1,2
BRDA:166,18,0,1
BRDA:166,18,1,1
BRDA:166,19,0,2
BRDA:166,19,1,2
BRDA:192,20,0,1
BRDA:192,20,1,10
BRDA:199,21,0,1
BRDA:199,21,1,9
BRDA:206,22,0,1
BRDA:206,22,1,8
BRDA:213,23,0,1
BRDA:213,23,1,7
BRDA:213,24,0,8
BRDA:213,24,1,4
BRDA:213,24,2,4
BRDA:222,25,0,1
BRDA:222,25,1,3
BRDA:229,26,0,1
BRDA:229,26,1,2
BRDA:237,27,0,3
BRDA:237,27,1,1
BRDA:249,28,0,2
BRDA:249,28,1,1
BRDA:249,29,0,3
BRDA:249,29,1,2
BRDA:267,30,0,1
BRDA:267,30,1,4
BRDA:276,31,0,1
BRDA:276,31,1,2
BRDA:283,32,0,1
BRDA:283,32,1,1
BRDA:283,33,0,2
BRDA:283,33,1,2
BRF:69
BRH:69
end_of_record
TN:
SF:controllers\wishlist.js
FN:8,(anonymous_0)
FN:64,(anonymous_1)
FN:73,(anonymous_2)
FN:77,(anonymous_3)
FN:122,(anonymous_4)
FN:123,(anonymous_5)
FN:157,(anonymous_6)
FNF:7
FNH:7
FNDA:7,(anonymous_0)
FNDA:7,(anonymous_1)
FNDA:28,(anonymous_2)
FNDA:2,(anonymous_3)
FNDA:5,(anonymous_4)
FNDA:5,(anonymous_5)
FNDA:5,(anonymous_6)
DA:1,1
DA:2,1
DA:3,1
DA:8,1
DA:9,7
DA:10,7
DA:12,7
DA:13,2
DA:19,5
DA:21,5
DA:22,1
DA:28,4
DA:33,4
DA:34,1
DA:40,3
DA:45,1
DA:50,2
DA:51,1
DA:57,1
DA:64,1
DA:65,7
DA:69,7
DA:72,7
DA:73,28
DA:76,7
DA:77,7
DA:79,7
DA:82,7
DA:83,6
DA:87,7
DA:96,6
DA:97,1
DA:98,1
DA:102,6
DA:103,1
DA:104,1
DA:106,5
DA:110,6
DA:111,6
DA:112,6
DA:113,6
DA:114,6
DA:116,6
DA:118,6
DA:121,6
DA:122,5
DA:124,5
DA:125,5
DA:127,5
DA:128,1
DA:130,5
DA:134,6
DA:135,6
DA:136,3
DA:138,6
DA:139,1
DA:142,6
DA:150,1
DA:157,1
DA:158,5
DA:159,5
DA:161,4
DA:162,1
DA:169,3
DA:170,1
DA:176,2
DA:178,2
DA:183,1
LF:68
LH:68
BRDA:12,0,0,2
BRDA:12,0,1,5
BRDA:12,1,0,7
BRDA:12,1,1,7
BRDA:21,2,0,1
BRDA:21,2,1,4
BRDA:33,3,0,1
BRDA:33,3,1,3
BRDA:50,4,0,1
BRDA:50,4,1,1
BRDA:82,5,0,6
BRDA:82,5,1,1
BRDA:96,6,0,1
BRDA:96,6,1,5
BRDA:102,7,0,1
BRDA:102,7,1,5
BRDA:110,8,0,6
BRDA:110,8,1,4
BRDA:111,9,0,6
BRDA:111,9,1,3
BRDA:127,10,0,1
BRDA:127,10,1,4
BRDA:135,11,0,3
BRDA:135,11,1,3
BRDA:138,12,0,1
BRDA:138,12,1,5
BRDA:161,13,0,1
BRDA:161,13,1,3
BRDA:169,14,0,1
BRDA:169,14,1,2
BRDA:169,15,0,3
BRDA:169,15,1,2
BRF:32
BRH:32
end_of_record
TN:
SF:models\Booking.js
FNF:0
FNH:0
DA:1,1
DA:3,1
DA:46,1
DA:53,1
LF:4
LH:4
BRF:0
BRH:0
end_of_record
TN:
SF:models\Car.js
FNF:0
FNH:0
DA:1,2
DA:3,2
DA:67,2
DA:74,2
LF:4
LH:4
BRF:0
BRH:0
end_of_record
TN:
SF:models\Provider.js
FNF:0
FNH:0
DA:1,2
DA:3,2
DA:45,2
DA:52,2
LF:4
LH:4
BRF:0
BRH:0
end_of_record
TN:
SF:models\Review.js
FNF:0
FNH:0
DA:1,1
DA:3,1
DA:37,1
LF:3
LH:3
BRF:0
BRH:0
end_of_record
TN:
SF:models\User.js
FN:41,(anonymous_0)
FN:50,(anonymous_1)
FN:57,(anonymous_2)
FNF:3
FNH:3
FNDA:71,(anonymous_0)
FNDA:1,(anonymous_1)
FNDA:3,(anonymous_2)
DA:1,3
DA:2,3
DA:3,3
DA:5,3
DA:41,3
DA:42,71
DA:43,1
DA:45,70
DA:46,70
DA:50,3
DA:51,1
DA:57,3
DA:58,3
DA:61,3
LF:14
LH:14
BRDA:42,0,0,1
BRDA:42,0,1,70
BRF:2
BRH:2
end_of_record
TN:
SF:models\Wishlist.js
FNF:0
FNH:0
DA:1,1
DA:3,1
DA:21,1
DA:23,1
LF:4
LH:4
BRF:0
BRH:0
end_of_record
TN:
SF:tests\setup.js
FN:16,(anonymous_0)
FN:22,(anonymous_1)
FN:27,(anonymous_2)
FNF:3
FNH:3
FNDA:3,(anonymous_0)
FNDA:3,(anonymous_1)
FNDA:34,(anonymous_2)
DA:1,3
DA:2,3
DA:3,3
DA:5,3
DA:7,3
DA:8,3
DA:9,3
DA:10,3
DA:14,3
DA:16,3
DA:17,3
DA:18,3
DA:19,3
DA:22,3
DA:23,3
DA:24,3
DA:27,3
DA:28,34
DA:29,34
DA:30,147
LF:20
LH:20
BRF:0
BRH:0
end_of_record
